2026-04-07 12:20:54 | INFO | dispatcher | Бот: @id2465370640_bot first_name=МАКСИИ id=221386260
2026-04-07 12:20:54 | INFO | dispatcher | Зарегистрировано 6 обработчиков событий
2026-04-07 12:21:07 | ERROR | dispatcher | Неожиданная ошибка при получении обновлений: ClientPayloadError: 400, message:
  Can not decode content-encoding: br
2026-04-07 12:22:18 | INFO | dispatcher | Бот: @id2465370640_bot first_name=МАКСИИ id=221386260
2026-04-07 12:22:18 | INFO | dispatcher | Зарегистрировано 6 обработчиков событий
2026-04-07 12:22:18 | ERROR | dispatcher | Ошибка при обработке события: router_id: 0 | UpdateType.MESSAGE_CALLBACK | chat_id: 9243820, user_id: 230628024 | MiddlewareException(middleware=_process_event, router_id=0, process=UpdateType.MESSAGE_CALLBACK | chat_id: 9243820, user_id: 230628024, context_keys=['data', 'state'], cause=HandlerException: HandlerException(handler=message_callback, router_id=0, process=UpdateType.MESSAGE_CALLBACK | chat_id: 9243820, user_id: 230628024, context_keys=['data', 'state'], cause=AttributeError: 'MessageCallback' object has no attribute 'chat_id')) 
Traceback (most recent call last):
  File "/home/chert1ck/anaconda3/lib/python3.12/site-packages/maxapi/dispatcher.py", line 465, in _execute_handler
    await handler_chain(event, kwargs_filtered)
  File "/home/chert1ck/anaconda3/lib/python3.12/site-packages/maxapi/dispatcher.py", line 312, in call_handler
    await handler.func_event(event_object)
  File "/home/chert1ck/MaxBot/bot.py", line 686, in message_callback
    chat_id = event.chat_id
              ^^^^^^^^^^^^^
  File "/home/chert1ck/anaconda3/lib/python3.12/site-packages/pydantic/main.py", line 761, in __getattr__
    raise AttributeError(f'{type(self).__name__!r} object has no attribute {item!r}')
AttributeError: 'MessageCallback' object has no attribute 'chat_id'

The above exception was the direct cause of the following exception:

Traceback (most recent call last):
  File "/home/chert1ck/anaconda3/lib/python3.12/site-packages/maxapi/dispatcher.py", line 598, in handle
    await global_chain(event_object, kwargs)
  File "/home/chert1ck/anaconda3/lib/python3.12/site-packages/maxapi/dispatcher.py", line 591, in _process_event
    await _process_handlers(event_object, data)
  File "/home/chert1ck/anaconda3/lib/python3.12/site-packages/maxapi/dispatcher.py", line 566, in _process_handlers
    await self._execute_handler(
  File "/home/chert1ck/anaconda3/lib/python3.12/site-packages/maxapi/dispatcher.py", line 468, in _execute_handler
    raise HandlerException(
maxapi.exceptions.dispatcher.HandlerException: HandlerException(handler=message_callback, router_id=0, process=UpdateType.MESSAGE_CALLBACK | chat_id: 9243820, user_id: 230628024, context_keys=['data', 'state'], cause=AttributeError: 'MessageCallback' object has no attribute 'chat_id')

The above exception was the direct cause of the following exception:

Traceback (most recent call last):
  File "/home/chert1ck/anaconda3/lib/python3.12/site-packages/maxapi/dispatcher.py", line 611, in handle
    raise MiddlewareException(
maxapi.exceptions.dispatcher.MiddlewareException: MiddlewareException(middleware=_process_event, router_id=0, process=UpdateType.MESSAGE_CALLBACK | chat_id: 9243820, user_id: 230628024, context_keys=['data', 'state'], cause=HandlerException: HandlerException(handler=message_callback, router_id=0, process=UpdateType.MESSAGE_CALLBACK | chat_id: 9243820, user_id: 230628024, context_keys=['data', 'state'], cause=AttributeError: 'MessageCallback' object has no attribute 'chat_id'))
2026-04-07 12:22:18 | ERROR | dispatcher | Ошибка при обработке события: router_id: 0 | UpdateType.MESSAGE_CALLBACK | chat_id: 29919589, user_id: 217751409 | MiddlewareException(middleware=_process_event, router_id=0, process=UpdateType.MESSAGE_CALLBACK | chat_id: 29919589, user_id: 217751409, context_keys=['data', 'state'], cause=HandlerException: HandlerException(handler=message_callback, router_id=0, process=UpdateType.MESSAGE_CALLBACK | chat_id: 29919589, user_id: 217751409, context_keys=['data', 'state'], cause=AttributeError: 'MessageCallback' object has no attribute 'chat_id')) 
Traceback (most recent call last):
  File "/home/chert1ck/anaconda3/lib/python3.12/site-packages/maxapi/dispatcher.py", line 465, in _execute_handler
    await handler_chain(event, kwargs_filtered)
  File "/home/chert1ck/anaconda3/lib/python3.12/site-packages/maxapi/dispatcher.py", line 312, in call_handler
    await handler.func_event(event_object)
  File "/home/chert1ck/MaxBot/bot.py", line 686, in message_callback
    chat_id = event.chat_id
              ^^^^^^^^^^^^^
  File "/home/chert1ck/anaconda3/lib/python3.12/site-packages/pydantic/main.py", line 761, in __getattr__
    raise AttributeError(f'{type(self).__name__!r} object has no attribute {item!r}')
AttributeError: 'MessageCallback' object has no attribute 'chat_id'

The above exception was the direct cause of the following exception:

Traceback (most recent call last):
  File "/home/chert1ck/anaconda3/lib/python3.12/site-packages/maxapi/dispatcher.py", line 598, in handle
    await global_chain(event_object, kwargs)
  File "/home/chert1ck/anaconda3/lib/python3.12/site-packages/maxapi/dispatcher.py", line 591, in _process_event
    await _process_handlers(event_object, data)
  File "/home/chert1ck/anaconda3/lib/python3.12/site-packages/maxapi/dispatcher.py", line 566, in _process_handlers
    await self._execute_handler(
  File "/home/chert1ck/anaconda3/lib/python3.12/site-packages/maxapi/dispatcher.py", line 468, in _execute_handler
    raise HandlerException(
maxapi.exceptions.dispatcher.HandlerException: HandlerException(handler=message_callback, router_id=0, process=UpdateType.MESSAGE_CALLBACK | chat_id: 29919589, user_id: 217751409, context_keys=['data', 'state'], cause=AttributeError: 'MessageCallback' object has no attribute 'chat_id')

The above exception was the direct cause of the following exception:

Traceback (most recent call last):
  File "/home/chert1ck/anaconda3/lib/python3.12/site-packages/maxapi/dispatcher.py", line 611, in handle
    raise MiddlewareException(
maxapi.exceptions.dispatcher.MiddlewareException: MiddlewareException(middleware=_process_event, router_id=0, process=UpdateType.MESSAGE_CALLBACK | chat_id: 29919589, user_id: 217751409, context_keys=['data', 'state'], cause=HandlerException: HandlerException(handler=message_callback, router_id=0, process=UpdateType.MESSAGE_CALLBACK | chat_id: 29919589, user_id: 217751409, context_keys=['data', 'state'], cause=AttributeError: 'MessageCallback' object has no attribute 'chat_id'))
2026-04-07 12:22:26 | ERROR | dispatcher | Ошибка при обработке события: router_id: 0 | UpdateType.MESSAGE_CALLBACK | chat_id: 29919589, user_id: 217751409 | MiddlewareException(middleware=_process_event, router_id=0, process=UpdateType.MESSAGE_CALLBACK | chat_id: 29919589, user_id: 217751409, context_keys=['data', 'state'], cause=HandlerException: HandlerException(handler=message_callback, router_id=0, process=UpdateType.MESSAGE_CALLBACK | chat_id: 29919589, user_id: 217751409, context_keys=['data', 'state'], cause=AttributeError: 'MessageCallback' object has no attribute 'chat_id')) 
Traceback (most recent call last):
  File "/home/chert1ck/anaconda3/lib/python3.12/site-packages/maxapi/dispatcher.py", line 465, in _execute_handler
    await handler_chain(event, kwargs_filtered)
  File "/home/chert1ck/anaconda3/lib/python3.12/site-packages/maxapi/dispatcher.py", line 312, in call_handler
    await handler.func_event(event_object)
  File "/home/chert1ck/MaxBot/bot.py", line 686, in message_callback
  File "/home/chert1ck/anaconda3/lib/python3.12/site-packages/pydantic/main.py", line 761, in __getattr__
    raise AttributeError(f'{type(self).__name__!r} object has no attribute {item!r}')
AttributeError: 'MessageCallback' object has no attribute 'chat_id'

The above exception was the direct cause of the following exception:

Traceback (most recent call last):
  File "/home/chert1ck/anaconda3/lib/python3.12/site-packages/maxapi/dispatcher.py", line 598, in handle
    await global_chain(event_object, kwargs)
  File "/home/chert1ck/anaconda3/lib/python3.12/site-packages/maxapi/dispatcher.py", line 591, in _process_event
    await _process_handlers(event_object, data)
  File "/home/chert1ck/anaconda3/lib/python3.12/site-packages/maxapi/dispatcher.py", line 566, in _process_handlers
    await self._execute_handler(
  File "/home/chert1ck/anaconda3/lib/python3.12/site-packages/maxapi/dispatcher.py", line 468, in _execute_handler
    raise HandlerException(
maxapi.exceptions.dispatcher.HandlerException: HandlerException(handler=message_callback, router_id=0, process=UpdateType.MESSAGE_CALLBACK | chat_id: 29919589, user_id: 217751409, context_keys=['data', 'state'], cause=AttributeError: 'MessageCallback' object has no attribute 'chat_id')

The above exception was the direct cause of the following exception:

Traceback (most recent call last):
  File "/home/chert1ck/anaconda3/lib/python3.12/site-packages/maxapi/dispatcher.py", line 611, in handle
    raise MiddlewareException(
maxapi.exceptions.dispatcher.MiddlewareException: MiddlewareException(middleware=_process_event, router_id=0, process=UpdateType.MESSAGE_CALLBACK | chat_id: 29919589, user_id: 217751409, context_keys=['data', 'state'], cause=HandlerException: HandlerException(handler=message_callback, router_id=0, process=UpdateType.MESSAGE_CALLBACK | chat_id: 29919589, user_id: 217751409, context_keys=['data', 'state'], cause=AttributeError: 'MessageCallback' object has no attribute 'chat_id'))
