2026-04-08 15:34:05 | first_name='Иван' last_name='Быков' user_id=217751409 chat_id=29919589 action=callback:chat_exit_to_menu
2026-04-08 15:34:06 | first_name='Иван' last_name='Быков' user_id=217751409 chat_id=29919589 action=callback:chat_exit_to_menu
2026-04-08 15:34:06 | first_name='Иван' last_name='Быков' user_id=217751409 chat_id=29919589 action=message_created
2026-04-08 15:34:23 | first_name='Иван' last_name='Быков' user_id=217751409 chat_id=29919589 action=callback:how_open_business
2026-04-08 15:34:27 | first_name='Иван' last_name='Быков' user_id=217751409 chat_id=29919589 action=callback:back_main
2026-04-08 15:34:28 | first_name='Иван' last_name='Тихонов' user_id=230628024 chat_id=9243820 action=callback:start
2026-04-08 15:34:29 | first_name='Иван' last_name='Быков' user_id=217751409 chat_id=29919589 action=callback:chat_bot_info
2026-04-08 15:34:31 | first_name='Иван' last_name='Тихонов' user_id=230628024 chat_id=9243820 action=callback:how_open_business
2026-04-08 15:34:31 | first_name='Иван' last_name='Быков' user_id=217751409 chat_id=29919589 action=message_created
2026-04-08 15:35:25 | first_name='Иван' last_name='Тихонов' user_id=230628024 chat_id=9243820 action=callback:back_main
2026-04-08 15:35:40 | first_name='Иван' last_name='Тихонов' user_id=230628024 chat_id=9243820 action=callback:non_fin_support
2026-04-08 15:35:43 | first_name='Иван' last_name='Тихонов' user_id=230628024 chat_id=9243820 action=callback:non_fin_mb
2026-04-08 15:35:53 | first_name='Иван' last_name='Тихонов' user_id=230628024 chat_id=9243820 action=callback:non_fin_page_1
2026-04-08 15:35:59 | first_name='Иван' last_name='Тихонов' user_id=230628024 chat_id=9243820 action=callback:non_fin_page_2
2026-04-08 15:36:01 | first_name='Иван' last_name='Тихонов' user_id=230628024 chat_id=9243820 action=callback:non_fin_page_3
2026-04-08 15:36:02 | first_name='Иван' last_name='Тихонов' user_id=230628024 chat_id=9243820 action=callback:non_fin_page_4
2026-04-08 15:36:04 | first_name='Иван' last_name='Тихонов' user_id=230628024 chat_id=9243820 action=callback:non_fin_page_5
2026-04-08 15:36:05 | first_name='Иван' last_name='Тихонов' user_id=230628024 chat_id=9243820 action=callback:non_fin_page_6
2026-04-08 15:36:07 | first_name='Иван' last_name='Тихонов' user_id=230628024 chat_id=9243820 action=callback:non_fin_page_7
2026-04-08 15:36:09 | first_name='Иван' last_name='Тихонов' user_id=230628024 chat_id=9243820 action=callback:non_fin_page_8
2026-04-08 15:36:11 | first_name='Иван' last_name='Тихонов' user_id=230628024 chat_id=9243820 action=callback:non_fin_page_9
2026-04-08 15:36:13 | first_name='Иван' last_name='Тихонов' user_id=230628024 chat_id=9243820 action=callback:non_fin_page_8
2026-04-08 15:36:16 | first_name='Иван' last_name='Тихонов' user_id=230628024 chat_id=9243820 action=callback:non_fin_page_9
2026-04-08 15:36:20 | first_name='Иван' last_name='Тихонов' user_id=230628024 chat_id=9243820 action=callback:non_fin_page_10
2026-04-08 15:36:24 | first_name='Иван' last_name='Тихонов' user_id=230628024 chat_id=9243820 action=callback:non_fin_page_11
2026-04-08 15:36:26 | first_name='Иван' last_name='Тихонов' user_id=230628024 chat_id=9243820 action=callback:non_fin_page_12
2026-04-08 15:36:27 | first_name='Иван' last_name='Тихонов' user_id=230628024 chat_id=9243820 action=callback:non_fin_page_13
2026-04-08 15:36:31 | first_name='Иван' last_name='Тихонов' user_id=230628024 chat_id=9243820 action=callback:non_fin_page_14
2026-04-08 15:36:32 | first_name='Иван' last_name='Тихонов' user_id=230628024 chat_id=9243820 action=callback:non_fin_page_21
2026-04-08 15:36:41 | first_name='Иван' last_name='Тихонов' user_id=230628024 chat_id=9243820 action=callback:non_fin_page_0
2026-04-08 15:36:48 | first_name='Иван' last_name='Тихонов' user_id=230628024 chat_id=9243820 action=callback:back_non_fin_org
2026-04-08 15:36:53 | first_name='Иван' last_name='Тихонов' user_id=230628024 chat_id=9243820 action=callback:back_main
2026-04-08 15:36:57 | first_name='Иван' last_name='Тихонов' user_id=230628024 chat_id=9243820 action=callback:non_fin_support
2026-04-08 15:36:59 | first_name='Иван' last_name='Тихонов' user_id=230628024 chat_id=9243820 action=callback:non_fin_mb
2026-04-08 15:37:05 | first_name='Иван' last_name='Тихонов' user_id=230628024 chat_id=9243820 action=callback:back_non_fin_org
2026-04-08 15:37:39 | first_name='Иван' last_name='Тихонов' user_id=230628024 chat_id=9243820 action=callback:back_main
2026-04-08 15:37:43 | first_name='Иван' last_name='Тихонов' user_id=230628024 chat_id=9243820 action=callback:fin_support
2026-04-08 15:37:47 | first_name='Иван' last_name='Тихонов' user_id=230628024 chat_id=9243820 action=callback:fin_mb
2026-04-08 15:37:53 | first_name='Иван' last_name='Тихонов' user_id=230628024 chat_id=9243820 action=callback:back_fin_org
2026-04-08 15:37:55 | first_name='Иван' last_name='Тихонов' user_id=230628024 chat_id=9243820 action=callback:fin_garant
2026-04-08 15:38:02 | first_name='Иван' last_name='Тихонов' user_id=230628024 chat_id=9243820 action=callback:back_fin_org
2026-04-08 15:38:07 | first_name='Иван' last_name='Тихонов' user_id=230628024 chat_id=9243820 action=callback:back_main
2026-04-08 15:38:23 | first_name='Иван' last_name='Тихонов' user_id=230628024 chat_id=9243820 action=callback:fin_support
2026-04-08 15:38:34 | first_name='Иван' last_name='Тихонов' user_id=230628024 chat_id=9243820 action=callback:fin_mb
2026-04-08 15:38:43 | first_name='Иван' last_name='Тихонов' user_id=230628024 chat_id=9243820 action=callback:fin_mb_open_0
2026-04-08 15:38:43 | first_name='Иван' last_name='Быков' user_id=217751409 chat_id=29919589 action=callback:chat_exit_to_menu
2026-04-08 15:38:46 | first_name='Иван' last_name='Быков' user_id=217751409 chat_id=29919589 action=callback:contacts_orgs
2026-04-08 15:38:46 | first_name='Иван' last_name='Тихонов' user_id=230628024 chat_id=9243820 action=callback:fin_mb_page_0
2026-04-08 15:38:48 | first_name='Иван' last_name='Быков' user_id=217751409 chat_id=29919589 action=callback:contacts_mb
2026-04-08 15:38:49 | first_name='Иван' last_name='Тихонов' user_id=230628024 chat_id=9243820 action=callback:fin_mb_details_0
2026-04-08 15:38:51 | first_name='Иван' last_name='Тихонов' user_id=230628024 chat_id=9243820 action=callback:fin_mb_page_0
2026-04-08 15:38:54 | first_name='Иван' last_name='Тихонов' user_id=230628024 chat_id=9243820 action=callback:fin_mb_details_0
2026-04-08 15:38:56 | first_name='Иван' last_name='Тихонов' user_id=230628024 chat_id=9243820 action=callback:fin_mb_page_0
2026-04-08 15:38:57 | first_name='Иван' last_name='Быков' user_id=217751409 chat_id=29919589 action=callback:back_contacts_orgs
2026-04-08 15:38:59 | first_name='Иван' last_name='Быков' user_id=217751409 chat_id=29919589 action=callback:back_main
2026-04-08 15:39:16 | first_name='Иван' last_name='Тихонов' user_id=230628024 chat_id=9243820 action=callback:fin_mb_open_0
2026-04-08 15:39:19 | first_name='Иван' last_name='Тихонов' user_id=230628024 chat_id=9243820 action=callback:fin_mb_page_0
2026-04-08 15:39:21 | first_name='Иван' last_name='Тихонов' user_id=230628024 chat_id=9243820 action=callback:fin_mb_open_0
2026-04-08 15:39:23 | first_name='Иван' last_name='Тихонов' user_id=230628024 chat_id=9243820 action=callback:fin_mb_page_0
2026-04-08 15:40:26 | first_name='Иван' last_name='Тихонов' user_id=230628024 chat_id=9243820 action=callback:back_main
2026-04-08 15:40:29 | first_name='Иван' last_name='Тихонов' user_id=230628024 chat_id=9243820 action=callback:productivity_labor
2026-04-08 15:40:37 | first_name='Иван' last_name='Тихонов' user_id=230628024 chat_id=9243820 action=callback:back_main
2026-04-08 15:41:00 | first_name='Иван' last_name='Тихонов' user_id=230628024 chat_id=9243820 action=callback:agro_support
2026-04-08 15:41:16 | first_name='Иван' last_name='Тихонов' user_id=230628024 chat_id=9243820 action=callback:back_main
2026-04-08 15:41:50 | first_name='Иван' last_name='Тихонов' user_id=230628024 chat_id=9243820 action=callback:export_coop
2026-04-08 15:42:00 | first_name='Иван' last_name='Тихонов' user_id=230628024 chat_id=9243820 action=callback:back_main
2026-04-08 15:42:15 | first_name='Иван' last_name='Тихонов' user_id=230628024 chat_id=9243820 action=callback:education_services
2026-04-08 15:42:23 | first_name='Иван' last_name='Тихонов' user_id=230628024 chat_id=9243820 action=callback:back_main
2026-04-08 15:42:35 | first_name='Иван' last_name='Тихонов' user_id=230628024 chat_id=9243820 action=callback:property_support
2026-04-08 15:42:40 | first_name='Иван' last_name='Тихонов' user_id=230628024 chat_id=9243820 action=callback:prop_kovorking
2026-04-08 15:42:45 | first_name='Иван' last_name='Тихонов' user_id=230628024 chat_id=9243820 action=callback:back_property_services
2026-04-08 15:42:47 | first_name='Иван' last_name='Тихонов' user_id=230628024 chat_id=9243820 action=callback:prop_peregovornaya
2026-04-08 15:42:51 | first_name='Иван' last_name='Тихонов' user_id=230628024 chat_id=9243820 action=callback:back_property_services
2026-04-08 15:42:53 | first_name='Иван' last_name='Тихонов' user_id=230628024 chat_id=9243820 action=callback:prop_conf_zal
2026-04-08 15:42:56 | first_name='Иван' last_name='Тихонов' user_id=230628024 chat_id=9243820 action=callback:back_property_services
2026-04-08 15:42:58 | first_name='Иван' last_name='Тихонов' user_id=230628024 chat_id=9243820 action=callback:prop_maly_zal
2026-04-08 15:43:11 | first_name='Иван' last_name='Тихонов' user_id=230628024 chat_id=9243820 action=callback:back_main
2026-04-08 15:43:26 | first_name='Иван' last_name='Тихонов' user_id=230628024 chat_id=9243820 action=callback:contacts_orgs
2026-04-08 15:43:28 | first_name='Иван' last_name='Тихонов' user_id=230628024 chat_id=9243820 action=callback:contacts_mb
2026-04-08 15:43:33 | first_name='Иван' last_name='Тихонов' user_id=230628024 chat_id=9243820 action=callback:back_contacts_orgs
2026-04-08 15:43:35 | first_name='Иван' last_name='Тихонов' user_id=230628024 chat_id=9243820 action=callback:back_main
2026-04-08 15:44:16 | first_name='Иван' last_name='Тихонов' user_id=230628024 chat_id=9243820 action=callback:callback_request
2026-04-08 16:00:18 | first_name='Иван' last_name='Быков' user_id=217751409 chat_id=29919589 action=callback:property_support
2026-04-08 16:00:21 | first_name='Иван' last_name='Быков' user_id=217751409 chat_id=29919589 action=callback:back_main
2026-04-08 16:03:02 | first_name='Иван' last_name='Быков' user_id=217751409 chat_id=29919589 action=callback:evaluate_quality
2026-04-08 16:03:04 | first_name='Иван' last_name='Быков' user_id=217751409 chat_id=29919589 action=callback:evaluate_mb
2026-04-08 16:06:49 | first_name='Иван' last_name='Быков' user_id=217751409 chat_id=29919589 action=callback:back_main
2026-04-08 16:06:49 | first_name='Иван' last_name='Быков' user_id=217751409 chat_id=29919589 action=callback:back_main
2026-04-08 16:06:51 | first_name='Иван' last_name='Быков' user_id=217751409 chat_id=29919589 action=callback:chat_bot_info
2026-04-08 16:06:51 | first_name='Иван' last_name='Быков' user_id=217751409 chat_id=29919589 action=callback:chat_bot_info
2026-04-08 16:06:53 | first_name='Иван' last_name='Быков' user_id=217751409 chat_id=29919589 action=callback:chat_exit_to_menu
2026-04-08 16:06:53 | first_name='Иван' last_name='Быков' user_id=217751409 chat_id=29919589 action=callback:chat_exit_to_menu
2026-04-08 16:06:54 | first_name='Иван' last_name='Тихонов' user_id=230628024 chat_id=9243820 action=callback:back_main
2026-04-08 16:06:54 | first_name='Иван' last_name='Тихонов' user_id=230628024 chat_id=9243820 action=callback:back_main
2026-04-08 16:06:55 | first_name='Иван' last_name='Быков' user_id=217751409 chat_id=29919589 action=callback:how_open_business
2026-04-08 16:06:55 | first_name='Иван' last_name='Быков' user_id=217751409 chat_id=29919589 action=callback:how_open_business
2026-04-08 16:06:56 | first_name='Иван' last_name='Тихонов' user_id=230628024 chat_id=9243820 action=callback:how_open_business
2026-04-08 16:06:56 | first_name='Иван' last_name='Тихонов' user_id=230628024 chat_id=9243820 action=callback:how_open_business
2026-04-08 16:07:33 | first_name='Иван' last_name='Быков' user_id=217751409 chat_id=29919589 action=callback:back_main
2026-04-08 16:07:33 | first_name='Иван' last_name='Быков' user_id=217751409 chat_id=29919589 action=callback:back_main
